2020-03-02 18:48:12,130 [Worker-6: Loading available Gradle versions] INFO  o.e.b.c.i.u.g.PublishedGradleVersions - Gradle version information cache is up-to-date. Trying to read.
2020-03-02 19:08:07,225 [Worker-2: Loading available Gradle versions] INFO  o.e.b.c.i.u.g.PublishedGradleVersions - Gradle version information cache is up-to-date. Trying to read.
2020-03-02 19:09:06,843 [Worker-10: Building] INFO  o.e.m.c.i.l.LifecycleMappingFactory - Using org.eclipse.m2e.jdt.JarLifecycleMapping lifecycle mapping for MavenProject: mx.tex.lab:FirstUnitTest:2.2.4 @ /Users/ophugo/Documents/workspace-spring-tool-suite-4-4.5.1.RELEASE/FirstUnitTest/pom.xml.
2020-03-02 19:09:07,760 [Worker-10: Building] INFO  o.e.m.c.i.embedder.EclipseLogger - Using 'UTF-8' encoding to copy filtered resources.
2020-03-02 19:09:07,764 [Worker-10: Building] INFO  o.e.m.c.i.embedder.EclipseLogger - Copying 1 resource
2020-03-02 19:09:07,779 [Worker-10: Building] INFO  o.e.m.c.i.embedder.EclipseLogger - Copying 0 resource
2020-03-02 19:09:07,783 [Worker-10: Building] INFO  o.e.m.c.i.embedder.EclipseLogger - Using 'UTF-8' encoding to copy filtered resources.
2020-03-02 19:09:07,783 [Worker-10: Building] INFO  o.e.m.c.i.embedder.EclipseLogger - skip non existing resourceDirectory /Users/ophugo/Documents/workspace-spring-tool-suite-4-4.5.1.RELEASE/FirstUnitTest/src/test/resources
2020-03-02 19:09:08,195 [Worker-10: Building] INFO  o.e.m.c.i.l.LifecycleMappingFactory - Using org.eclipse.m2e.jdt.JarLifecycleMapping lifecycle mapping for MavenProject: mx.tex.lab:UnderstandingAsserts:2.2.4 @ /Users/ophugo/Documents/workspace-spring-tool-suite-4-4.5.1.RELEASE/UnderstandingAsserts/pom.xml.
2020-03-02 19:09:08,466 [Worker-10: Building] INFO  o.e.m.c.i.embedder.EclipseLogger - Using 'UTF-8' encoding to copy filtered resources.
2020-03-02 19:09:08,466 [Worker-10: Building] INFO  o.e.m.c.i.embedder.EclipseLogger - Copying 1 resource
2020-03-02 19:09:08,470 [Worker-10: Building] INFO  o.e.m.c.i.embedder.EclipseLogger - Copying 0 resource
2020-03-02 19:09:08,473 [Worker-10: Building] INFO  o.e.m.c.i.embedder.EclipseLogger - Using 'UTF-8' encoding to copy filtered resources.
2020-03-02 19:09:08,473 [Worker-10: Building] INFO  o.e.m.c.i.embedder.EclipseLogger - skip non existing resourceDirectory /Users/ophugo/Documents/workspace-spring-tool-suite-4-4.5.1.RELEASE/UnderstandingAsserts/src/test/resources
2020-03-02 19:09:08,896 [Worker-10: Building] INFO  o.e.m.c.i.l.LifecycleMappingFactory - Using org.eclipse.m2e.jdt.JarLifecycleMapping lifecycle mapping for MavenProject: mx.tex.lab:usingMocks:2.2.4 @ /Users/ophugo/Documents/workspace-spring-tool-suite-4-4.5.1.RELEASE/usingMocks/pom.xml.
2020-03-02 19:09:09,227 [Worker-10: Building] INFO  o.e.m.c.i.embedder.EclipseLogger - Using 'UTF-8' encoding to copy filtered resources.
2020-03-02 19:09:09,228 [Worker-10: Building] INFO  o.e.m.c.i.embedder.EclipseLogger - Copying 1 resource
2020-03-02 19:09:09,229 [Worker-10: Building] INFO  o.e.m.c.i.embedder.EclipseLogger - Copying 0 resource
2020-03-02 19:09:09,232 [Worker-10: Building] INFO  o.e.m.c.i.embedder.EclipseLogger - Using 'UTF-8' encoding to copy filtered resources.
2020-03-02 19:09:09,232 [Worker-10: Building] INFO  o.e.m.c.i.embedder.EclipseLogger - skip non existing resourceDirectory /Users/ophugo/Documents/workspace-spring-tool-suite-4-4.5.1.RELEASE/usingMocks/src/test/resources
2020-03-02 19:09:10,256 [Worker-9: Updating Maven Dependencies] INFO  o.e.m.c.i.l.LifecycleMappingFactory - Using org.eclipse.m2e.jdt.JarLifecycleMapping lifecycle mapping for MavenProject: mx.tex.lab:usingMocks:2.2.4 @ /Users/ophugo/Documents/workspace-spring-tool-suite-4-4.5.1.RELEASE/usingMocks/pom.xml.
2020-03-02 19:09:11,024 [Worker-8: Building] INFO  o.e.m.c.i.embedder.EclipseLogger - Using 'UTF-8' encoding to copy filtered resources.
2020-03-02 19:09:11,027 [Worker-8: Building] INFO  o.e.m.c.i.embedder.EclipseLogger - Copying 1 resource
2020-03-02 19:09:11,029 [Worker-8: Building] INFO  o.e.m.c.i.embedder.EclipseLogger - Copying 0 resource
2020-03-02 19:09:11,031 [Worker-8: Building] INFO  o.e.m.c.i.embedder.EclipseLogger - Using 'UTF-8' encoding to copy filtered resources.
2020-03-02 19:09:11,032 [Worker-8: Building] INFO  o.e.m.c.i.embedder.EclipseLogger - skip non existing resourceDirectory /Users/ophugo/Documents/workspace-spring-tool-suite-4-4.5.1.RELEASE/FirstUnitTest/src/test/resources
2020-03-02 19:09:11,529 [Worker-8: Building] INFO  o.e.m.c.i.embedder.EclipseLogger - Using 'UTF-8' encoding to copy filtered resources.
2020-03-02 19:09:11,530 [Worker-8: Building] INFO  o.e.m.c.i.embedder.EclipseLogger - Copying 1 resource
2020-03-02 19:09:11,531 [Worker-8: Building] INFO  o.e.m.c.i.embedder.EclipseLogger - Copying 0 resource
2020-03-02 19:09:11,533 [Worker-8: Building] INFO  o.e.m.c.i.embedder.EclipseLogger - Using 'UTF-8' encoding to copy filtered resources.
2020-03-02 19:09:11,534 [Worker-8: Building] INFO  o.e.m.c.i.embedder.EclipseLogger - skip non existing resourceDirectory /Users/ophugo/Documents/workspace-spring-tool-suite-4-4.5.1.RELEASE/UnderstandingAsserts/src/test/resources
2020-03-02 19:09:11,876 [Worker-8: Building] INFO  o.e.m.c.i.embedder.EclipseLogger - Using 'UTF-8' encoding to copy filtered resources.
2020-03-02 19:09:11,876 [Worker-8: Building] INFO  o.e.m.c.i.embedder.EclipseLogger - Copying 1 resource
2020-03-02 19:09:11,877 [Worker-8: Building] INFO  o.e.m.c.i.embedder.EclipseLogger - Copying 0 resource
2020-03-02 19:09:11,879 [Worker-8: Building] INFO  o.e.m.c.i.embedder.EclipseLogger - Using 'UTF-8' encoding to copy filtered resources.
2020-03-02 19:09:11,879 [Worker-8: Building] INFO  o.e.m.c.i.embedder.EclipseLogger - skip non existing resourceDirectory /Users/ophugo/Documents/workspace-spring-tool-suite-4-4.5.1.RELEASE/usingMocks/src/test/resources
2020-03-02 19:09:51,297 [Worker-6: Launching Executing clean in _Users_ophugo_Documents_workspace-spring-tool-suite-4-4.5.1.RELEASE_usingMocks] INFO  o.e.m.i.launch.MavenLaunchDelegate - /Users/ophugo/Documents/workspace-spring-tool-suite-4-4.5.1.RELEASE/usingMocks
2020-03-02 19:09:51,298 [Worker-6: Launching Executing clean in _Users_ophugo_Documents_workspace-spring-tool-suite-4-4.5.1.RELEASE_usingMocks] INFO  o.e.m.i.launch.MavenLaunchDelegate -  mvn -Ppom.xml -B clean -Dstyle.color=always
2020-03-02 19:10:12,429 [Worker-9: Launching Executing test in _Users_ophugo_Documents_workspace-spring-tool-suite-4-4.5.1.RELEASE_usingMocks] INFO  o.e.m.i.launch.MavenLaunchDelegate - /Users/ophugo/Documents/workspace-spring-tool-suite-4-4.5.1.RELEASE/usingMocks
2020-03-02 19:10:12,429 [Worker-9: Launching Executing test in _Users_ophugo_Documents_workspace-spring-tool-suite-4-4.5.1.RELEASE_usingMocks] INFO  o.e.m.i.launch.MavenLaunchDelegate -  mvn -Ppom.xml -B test -Dstyle.color=always
2020-03-02 21:37:22,756 [Worker-1: Loading available Gradle versions] INFO  o.e.b.c.i.u.g.PublishedGradleVersions - Gradle version information cache is up-to-date. Trying to read.
2020-03-02 21:37:37,381 [Worker-4: Launching Executing clean in _Users_ophugo_Documents_workspace-spring-tool-suite-4-4.5.1.RELEASE_usingMocks] INFO  o.e.m.i.launch.MavenLaunchDelegate - /Users/ophugo/Documents/workspace-spring-tool-suite-4-4.5.1.RELEASE/usingMocks
2020-03-02 21:37:37,382 [Worker-4: Launching Executing clean in _Users_ophugo_Documents_workspace-spring-tool-suite-4-4.5.1.RELEASE_usingMocks] INFO  o.e.m.i.launch.MavenLaunchDelegate -  mvn -Ppom.xml -B clean -Dstyle.color=always
2020-03-02 21:37:49,637 [main] INFO  o.e.m2e.actions.ExecutePomAction - Creating new launch configuration
2020-03-02 21:37:59,771 [Worker-2: Launching Executing test in _Users_ophugo_Documents_workspace-spring-tool-suite-4-4.5.1.RELEASE_usingMocks] INFO  o.e.m.i.launch.MavenLaunchDelegate - /Users/ophugo/Documents/workspace-spring-tool-suite-4-4.5.1.RELEASE/usingMocks
2020-03-02 21:37:59,771 [Worker-2: Launching Executing test in _Users_ophugo_Documents_workspace-spring-tool-suite-4-4.5.1.RELEASE_usingMocks] INFO  o.e.m.i.launch.MavenLaunchDelegate -  mvn -Ppom.xml -B test -Dstyle.color=always
2020-03-02 21:39:15,101 [Worker-2: Building] INFO  o.e.m.c.i.embedder.EclipseLogger - Using 'UTF-8' encoding to copy filtered resources.
2020-03-02 21:39:15,105 [Worker-2: Building] INFO  o.e.m.c.i.embedder.EclipseLogger - Copying 1 resource
2020-03-02 21:39:15,115 [Worker-2: Building] INFO  o.e.m.c.i.embedder.EclipseLogger - Copying 0 resource
2020-03-02 21:39:15,119 [Worker-2: Building] INFO  o.e.m.c.i.embedder.EclipseLogger - Using 'UTF-8' encoding to copy filtered resources.
2020-03-02 21:39:15,119 [Worker-2: Building] INFO  o.e.m.c.i.embedder.EclipseLogger - skip non existing resourceDirectory /Users/ophugo/Documents/workspace-spring-tool-suite-4-4.5.1.RELEASE/usingMocks/src/test/resources
2020-03-02 21:40:07,939 [Worker-2: Launching Executing test in _Users_ophugo_Documents_workspace-spring-tool-suite-4-4.5.1.RELEASE_usingMocks] INFO  o.e.m.i.launch.MavenLaunchDelegate - /Users/ophugo/Documents/workspace-spring-tool-suite-4-4.5.1.RELEASE/usingMocks
2020-03-02 21:40:07,940 [Worker-2: Launching Executing test in _Users_ophugo_Documents_workspace-spring-tool-suite-4-4.5.1.RELEASE_usingMocks] INFO  o.e.m.i.launch.MavenLaunchDelegate -  mvn -Ppom.xml -B test -Dstyle.color=always
2020-03-02 21:40:13,042 [Worker-1: Building] INFO  o.e.m.c.i.embedder.EclipseLogger - Using 'UTF-8' encoding to copy filtered resources.
2020-03-02 21:40:13,044 [Worker-1: Building] INFO  o.e.m.c.i.embedder.EclipseLogger - Copying 1 resource
2020-03-02 21:40:13,045 [Worker-1: Building] INFO  o.e.m.c.i.embedder.EclipseLogger - Copying 0 resource
2020-03-02 21:40:13,047 [Worker-1: Building] INFO  o.e.m.c.i.embedder.EclipseLogger - Using 'UTF-8' encoding to copy filtered resources.
2020-03-02 21:40:13,047 [Worker-1: Building] INFO  o.e.m.c.i.embedder.EclipseLogger - skip non existing resourceDirectory /Users/ophugo/Documents/workspace-spring-tool-suite-4-4.5.1.RELEASE/usingMocks/src/test/resources
2020-03-02 21:43:15,714 [Worker-2: Loading available Gradle versions] INFO  o.e.b.c.i.u.g.PublishedGradleVersions - Gradle version information cache is up-to-date. Trying to read.
2020-03-02 21:43:17,646 [Worker-18: Building] INFO  o.e.m.c.i.embedder.EclipseLogger - Using 'UTF-8' encoding to copy filtered resources.
2020-03-02 21:43:17,651 [Worker-18: Building] INFO  o.e.m.c.i.embedder.EclipseLogger - Copying 1 resource
2020-03-02 21:43:17,662 [Worker-18: Building] INFO  o.e.m.c.i.embedder.EclipseLogger - Copying 0 resource
2020-03-02 21:43:17,666 [Worker-18: Building] INFO  o.e.m.c.i.embedder.EclipseLogger - Using 'UTF-8' encoding to copy filtered resources.
2020-03-02 21:43:17,666 [Worker-18: Building] INFO  o.e.m.c.i.embedder.EclipseLogger - skip non existing resourceDirectory /Users/ophugo/Documents/workspace-spring-tool-suite-4-4.5.1.RELEASE/usingMocks/src/test/resources
